{
  "RSpec": {
    "coverage": {
      "C:/Users/Jayasuriya/Ruby/student/Student-management-app/app/controllers/api/base_controller.rb": {
        "lines": [
          1,
          1,
          1,
          1,
          null,
          1,
          null,
          1,
          0,
          null,
          null,
          1,
          null,
          1,
          null,
          null,
          null,
          null,
          1,
          14,
          14,
          0,
          null,
          null,
          null,
          14,
          14,
          14,
          14,
          null,
          null,
          14,
          0,
          null,
          null,
          null,
          14,
          0,
          null,
          null,
          14,
          null,
          0,
          null,
          null,
          null,
          1,
          24,
          null,
          null,
          1,
          14,
          14,
          14,
          null,
          null,
          1,
          14,
          14,
          14,
          null,
          null,
          null
        ]
      },
      "C:/Users/Jayasuriya/Ruby/student/Student-management-app/app/controllers/api/sessions_controller.rb": {
        "lines": [
          1,
          1,
          1,
          1,
          null,
          1,
          null,
          1,
          1,
          null,
          1,
          null,
          null,
          null,
          null,
          null,
          null,
          null,
          null,
          null,
          null,
          1,
          0,
          null,
          null,
          null,
          null,
          null
        ]
      },
      "C:/Users/Jayasuriya/Ruby/student/Student-management-app/app/controllers/api/students_controller.rb": {
        "lines": [
          1,
          1,
          1,
          null,
          1,
          2,
          2,
          2,
          2,
          2,
          null,
          null,
          1,
          1,
          null,
          null,
          1,
          2,
          null,
          2,
          0,
          0,
          0,
          2,
          2,
          null,
          null,
          2,
          1,
          null,
          1,
          null,
          null,
          null,
          1,
          1,
          1,
          null,
          0,
          null,
          null,
          null,
          1,
          1,
          1,
          null,
          null,
          1,
          null,
          1,
          6,
          null,
          null,
          1,
          4,
          4,
          1,
          null,
          null,
          null,
          1,
          3,
          null,
          null,
          null
        ]
      },
      "C:/Users/Jayasuriya/Ruby/student/Student-management-app/app/controllers/api/teacher_students_controller.rb": {
        "lines": [
          0,
          0,
          0,
          null,
          null,
          0,
          0,
          0,
          null,
          null,
          null,
          0,
          0,
          null,
          0,
          0,
          null,
          0,
          null,
          null,
          null,
          0,
          null,
          0,
          0,
          0,
          null,
          null,
          0,
          0,
          0,
          null,
          0,
          null,
          null,
          null,
          null
        ],
        "branches": {
          "[:if, 0, 15, 6, 19, 9]": {
            "[:then, 1, 16, 8, 16, 99]": 0,
            "[:else, 2, 18, 8, 18, 92]": 0
          },
          "[:unless, 3, 26, 6, 26, 90]": {
            "[:then, 4, 26, 6, 26, 74]": 0,
            "[:else, 5, 26, 6, 26, 90]": 0
          },
          "[:if, 6, 30, 6, 34, 9]": {
            "[:then, 7, 31, 8, 31, 84]": 0,
            "[:else, 8, 33, 8, 33, 66]": 0
          }
        },
        "methods": {
          "[\"TeacherStudentsController\", :index, 6, 4, 9, 7]": 0,
          "[\"TeacherStudentsController\", :create, 12, 4, 20, 7]": 0,
          "[\"TeacherStudentsController\", :set_teacher, 24, 4, 27, 7]": 0,
          "[\"TeacherStudentsController\", :permitted_student_params, 29, 4, 35, 7]": 0
        }
      },
      "C:/Users/Jayasuriya/Ruby/student/Student-management-app/app/controllers/api/teachers_controller.rb": {
        "lines": [
          1,
          1,
          1,
          1,
          null,
          null,
          1,
          2,
          2,
          null,
          0,
          null,
          null,
          2,
          4,
          null,
          null,
          null,
          1,
          1,
          null,
          null,
          null,
          1,
          1,
          null,
          1,
          1,
          null,
          0,
          null,
          null,
          null,
          null,
          1,
          1,
          1,
          null,
          0,
          null,
          null,
          null,
          null,
          1,
          1,
          1,
          null,
          null,
          1,
          null,
          1,
          3,
          3,
          0,
          0,
          null,
          null,
          3,
          null,
          null,
          1,
          3,
          0,
          null,
          null,
          1,
          2,
          2,
          null,
          null,
          null,
          null,
          null,
          null,
          null,
          0,
          null,
          null,
          null,
          null,
          null,
          null,
          null,
          null,
          null,
          1,
          null,
          5,
          null,
          null,
          null,
          null,
          null,
          5,
          1,
          null,
          1,
          null,
          null,
          null,
          null,
          5,
          null,
          null,
          null
        ]
      },
      "C:/Users/Jayasuriya/Ruby/student/Student-management-app/app/controllers/application_controller.rb": {
        "lines": [
          1,
          1,
          1,
          null,
          1,
          null,
          null,
          1,
          1,
          null,
          1,
          1,
          2,
          null,
          null,
          1,
          null,
          1,
          1,
          null,
          1,
          1,
          0,
          null,
          null,
          1,
          6,
          null,
          null,
          1,
          2,
          null,
          null,
          1,
          0,
          null,
          null
        ]
      },
      "C:/Users/Jayasuriya/Ruby/student/Student-management-app/app/controllers/dashboard_controller.rb": {
        "lines": [
          1,
          1,
          1,
          null,
          null,
          1,
          0,
          0,
          null,
          null,
          1,
          2,
          1,
          0,
          null,
          null,
          1,
          1,
          1,
          1,
          null,
          null,
          null,
          null,
          1,
          3,
          null,
          null,
          null,
          null,
          1,
          1,
          1,
          1,
          null,
          null
        ]
      },
      "C:/Users/Jayasuriya/Ruby/student/Student-management-app/app/controllers/students_controller.rb": {
        "lines": [
          1,
          1,
          1,
          null,
          null,
          null,
          null,
          null,
          null,
          null,
          null,
          null,
          null,
          null,
          1,
          null,
          1,
          1,
          1,
          1,
          null,
          null,
          1,
          null,
          null,
          1,
          1,
          null,
          null,
          1,
          1,
          1,
          1,
          null,
          null,
          null,
          1,
          4,
          null,
          4,
          4,
          null,
          null,
          4,
          2,
          null,
          2,
          null,
          null,
          null,
          null,
          1,
          3,
          2,
          null,
          null,
          null,
          1,
          null,
          null,
          null,
          1,
          2,
          2,
          4,
          2,
          null,
          null,
          null,
          1,
          1,
          1,
          null,
          null,
          1,
          1,
          1,
          null,
          1,
          null,
          null,
          1,
          null,
          1,
          null,
          0,
          null,
          null,
          1,
          null,
          null,
          1,
          0,
          null,
          0,
          0,
          null,
          null,
          0,
          null,
          0,
          null,
          0,
          null,
          null,
          null,
          1,
          null,
          0,
          0,
          null,
          null,
          null,
          0,
          0,
          null,
          null,
          null,
          1,
          null,
          1,
          11,
          null,
          null,
          1,
          10,
          null,
          null,
          1,
          7,
          null,
          null,
          null,
          null,
          null,
          null,
          null,
          null,
          null,
          null,
          null,
          null,
          null
        ]
      },
      "C:/Users/Jayasuriya/Ruby/student/Student-management-app/app/helpers/application_helper.rb": {
        "lines": [
          1,
          null
        ]
      },
      "C:/Users/Jayasuriya/Ruby/student/Student-management-app/app/helpers/dashboard_helper.rb": {
        "lines": [
          1,
          null
        ]
      },
      "C:/Users/Jayasuriya/Ruby/student/Student-management-app/app/helpers/students_helper.rb": {
        "lines": [
          1,
          null
        ]
      },
      "C:/Users/Jayasuriya/Ruby/student/Student-management-app/app/jobs/application_job.rb": {
        "lines": [
          1,
          null
        ]
      },
      "C:/Users/Jayasuriya/Ruby/student/Student-management-app/app/jobs/report_card_generation_job.rb": {
        "lines": [
          1,
          1,
          null,
          1,
          0,
          0,
          null,
          null
        ]
      },
      "C:/Users/Jayasuriya/Ruby/student/Student-management-app/app/mailers/application_mailer.rb": {
        "lines": [
          1,
          1,
          1,
          null
        ]
      },
      "C:/Users/Jayasuriya/Ruby/student/Student-management-app/app/mailers/student_mailer.rb": {
        "lines": [
          1,
          null,
          1,
          1,
          1,
          null,
          1,
          null,
          null,
          null,
          null,
          null,
          1,
          1,
          1,
          null,
          1,
          null,
          null,
          null,
          null,
          null,
          1,
          1,
          1,
          null,
          1,
          null,
          null,
          null,
          null,
          null,
          1,
          1,
          null,
          1,
          null,
          null,
          null,
          null,
          null,
          null,
          1,
          1,
          null,
          1,
          1,
          null,
          1,
          null,
          null,
          null,
          null,
          null
        ]
      },
      "C:/Users/Jayasuriya/Ruby/student/Student-management-app/app/mailers/teacher_mailer.rb": {
        "lines": [
          1,
          1,
          null,
          1,
          1,
          1,
          null,
          1,
          null,
          null,
          null,
          null,
          null
        ]
      },
      "C:/Users/Jayasuriya/Ruby/student/Student-management-app/app/models/application_record.rb": {
        "lines": [
          1,
          1,
          null
        ]
      },
      "C:/Users/Jayasuriya/Ruby/student/Student-management-app/app/models/jwt_denylist.rb": {
        "lines": [
          1,
          1,
          null,
          1,
          null
        ]
      },
      "C:/Users/Jayasuriya/Ruby/student/Student-management-app/app/models/student.rb": {
        "lines": [
          1,
          1,
          1,
          1,
          1,
          null,
          1,
          1,
          1,
          1,
          null,
          null,
          1,
          1,
          1,
          null,
          null,
          null,
          null,
          null,
          null,
          1,
          1,
          null,
          null,
          1,
          null,
          1,
          null,
          null,
          1,
          null,
          null,
          null,
          null,
          null,
          null,
          1,
          4,
          null,
          null,
          0,
          null,
          null,
          1,
          2,
          null,
          null,
          1,
          1,
          null,
          null,
          1,
          3,
          3,
          null,
          null,
          1,
          11,
          null,
          null,
          1,
          11,
          null,
          null,
          1,
          5,
          null,
          null,
          null,
          null,
          null,
          1,
          1,
          98,
          3,
          1,
          null,
          null,
          3,
          0,
          null,
          null,
          null,
          1,
          98,
          null,
          3,
          3,
          null,
          null,
          3,
          3,
          1,
          null,
          null,
          null,
          null,
          3,
          3,
          0,
          null,
          null,
          null,
          null,
          null
        ]
      },
      "C:/Users/Jayasuriya/Ruby/student/Student-management-app/app/models/user.rb": {
        "lines": [
          1,
          null,
          1,
          1,
          1,
          null,
          null,
          null,
          null,
          null,
          null,
          null,
          null,
          1,
          null,
          null,
          null,
          1,
          null,
          null,
          null,
          null
        ]
      },
      "C:/Users/Jayasuriya/Ruby/student/Student-management-app/app/services/json_web_token.rb": {
        "lines": [
          1,
          1,
          20,
          null,
          null,
          1,
          17,
          17,
          17,
          null,
          null,
          1,
          3,
          1,
          null,
          2,
          null,
          null
        ]
      },
      "C:/Users/Jayasuriya/Ruby/student/Student-management-app/app/services/report_card_generator.rb": {
        "lines": [
          1,
          1,
          2,
          null,
          2,
          2,
          null,
          2,
          2,
          null,
          2,
          2,
          2,
          2,
          2,
          2,
          2,
          null,
          2,
          null,
          2,
          null,
          null,
          null,
          null,
          null,
          2,
          null,
          null
        ]
      },
      "C:/Users/Jayasuriya/Ruby/student/Student-management-app/app/services/student_notification_service.rb": {
        "lines": [
          0,
          0,
          0,
          null,
          0,
          0,
          0,
          null,
          null,
          0,
          null,
          null,
          0,
          0,
          0,
          null,
          null,
          0,
          0,
          0,
          null,
          null,
          0,
          null,
          null,
          0,
          0,
          0,
          null,
          null,
          0,
          0,
          null,
          0,
          0,
          null,
          null,
          null
        ],
        "branches": {
          "[:if, 0, 5, 4, 8, 7]": {
            "[:then, 1, 6, 6, 7, 52]": 0,
            "[:else, 2, 5, 4, 8, 7]": 0
          },
          "[:if, 3, 14, 4, 16, 7]": {
            "[:then, 4, 15, 6, 15, 56]": 0,
            "[:else, 5, 14, 4, 16, 7]": 0
          },
          "[:if, 6, 18, 4, 21, 7]": {
            "[:then, 7, 19, 6, 20, 52]": 0,
            "[:else, 8, 18, 4, 21, 7]": 0
          },
          "[:unless, 9, 28, 4, 28, 44]": {
            "[:then, 10, 28, 4, 28, 10]": 0,
            "[:else, 11, 28, 4, 28, 44]": 0
          },
          "[:unless, 12, 32, 4, 32, 43]": {
            "[:then, 13, 32, 4, 32, 10]": 0,
            "[:else, 14, 32, 4, 32, 43]": 0
          }
        },
        "methods": {
          "[\"StudentNotificationService\", :notify_creation, 2, 2, 11, 5]": 0,
          "[\"StudentNotificationService\", :notify_update, 13, 2, 24, 5]": 0,
          "[\"StudentNotificationService\", :notify_assignments, 26, 2, 37, 5]": 0
        }
      }
    },
    "timestamp": 1785838794
  }
}
